0 info it worked if it ends with ok
1 verbose cli [ '/Users/lukekidney/.nvm/versions/node/v7.2.1/bin/node',
1 verbose cli   '/Users/lukekidney/.nvm/versions/node/v7.2.1/bin/npm',
1 verbose cli   'start' ]
2 info using npm@4.0.5
3 info using node@v7.2.1
4 verbose run-script [ 'prestart', 'start', 'poststart' ]
5 info lifecycle jimFolio@1.0.0~prestart: jimFolio@1.0.0
6 silly lifecycle jimFolio@1.0.0~prestart: no script for prestart, continuing
7 info lifecycle jimFolio@1.0.0~start: jimFolio@1.0.0
8 verbose lifecycle jimFolio@1.0.0~start: unsafe-perm in lifecycle true
9 verbose lifecycle jimFolio@1.0.0~start: PATH: /Users/lukekidney/.nvm/versions/node/v7.2.1/lib/node_modules/npm/bin/node-gyp-bin:/Users/lukekidney/Sites/freelance/jimFolio/node_modules/.bin:/Users/lukekidney/.nvm/versions/node/v7.2.1/bin:/usr/local/bin:/usr/bin:/bin:/usr/sbin:/sbin:/Library/Frameworks/Mono.framework/Versions/Current/Commands:/Users/lukekidney/.composer/vendor/bin
10 verbose lifecycle jimFolio@1.0.0~start: CWD: /Users/lukekidney/Sites/freelance/jimFolio
11 silly lifecycle jimFolio@1.0.0~start: Args: [ '-c', 'webpack-dev-server --config webpack.config.js' ]
12 silly lifecycle jimFolio@1.0.0~start: Returned: code: 1  signal: null
13 info lifecycle jimFolio@1.0.0~start: Failed to exec start script
14 verbose stack Error: jimFolio@1.0.0 start: `webpack-dev-server --config webpack.config.js`
14 verbose stack Exit status 1
14 verbose stack     at EventEmitter.<anonymous> (/Users/lukekidney/.nvm/versions/node/v7.2.1/lib/node_modules/npm/lib/utils/lifecycle.js:279:16)
14 verbose stack     at emitTwo (events.js:106:13)
14 verbose stack     at EventEmitter.emit (events.js:191:7)
14 verbose stack     at ChildProcess.<anonymous> (/Users/lukekidney/.nvm/versions/node/v7.2.1/lib/node_modules/npm/lib/utils/spawn.js:40:14)
14 verbose stack     at emitTwo (events.js:106:13)
14 verbose stack     at ChildProcess.emit (events.js:191:7)
14 verbose stack     at maybeClose (internal/child_process.js:885:16)
14 verbose stack     at Process.ChildProcess._handle.onexit (internal/child_process.js:226:5)
15 verbose pkgid jimFolio@1.0.0
16 verbose cwd /Users/lukekidney/Sites/freelance/jimFolio
17 error Darwin 16.4.0
18 error argv "/Users/lukekidney/.nvm/versions/node/v7.2.1/bin/node" "/Users/lukekidney/.nvm/versions/node/v7.2.1/bin/npm" "start"
19 error node v7.2.1
20 error npm  v4.0.5
21 error code ELIFECYCLE
22 error jimFolio@1.0.0 start: `webpack-dev-server --config webpack.config.js`
22 error Exit status 1
23 error Failed at the jimFolio@1.0.0 start script 'webpack-dev-server --config webpack.config.js'.
23 error Make sure you have the latest version of node.js and npm installed.
23 error If you do, this is most likely a problem with the jimFolio package,
23 error not with npm itself.
23 error Tell the author that this fails on your system:
23 error     webpack-dev-server --config webpack.config.js
23 error You can get information on how to open an issue for this project with:
23 error     npm bugs jimFolio
23 error Or if that isn't available, you can get their info via:
23 error     npm owner ls jimFolio
23 error There is likely additional logging output above.
24 verbose exit [ 1, true ]
